<?xml version="1.0" encoding="UTF-8"?>
<!-- Generated by org.testng.reporters.JUnitReportReporter -->
<testsuite skipped="0" hostname="DESKTOP-ML9MQ65" name="tests.E2EScenario" tests="5" failures="0" timestamp="2020-08-28T19:59:01 EET" time="7.318" errors="0">
  <testcase name="userChooseLanguageOfWebsite" time="1.074" classname="tests.E2EScenario"/>
  <system-out/>
  <testcase name="userSearchForLesson" time="1.244" classname="tests.E2EScenario"/>
  <system-out/>
  <testcase name="userOpenSelectedResult" time="1.201" classname="tests.E2EScenario"/>
  <system-out/>
  <testcase name="userOpenWorkSheetPage" time="0.701" classname="tests.E2EScenario"/>
  <system-out/>
  <testcase name="getNumberOfQInWorksheet" time="3.098" classname="tests.E2EScenario"/>
  <system-out/>
</testsuite> <!-- tests.E2EScenario -->
