<?xml version="1.0" encoding="UTF-8"?>
<!-- Generated by org.testng.reporters.JUnitReportReporter -->
<testsuite skipped="0" hostname="DESKTOP-ML9MQ65" name="tests.ChangeLanguageOfWebsite" tests="1" failures="0" timestamp="2020-08-28T18:06:23 EET" time="9.017" errors="0">
  <testcase name="userChangeLanguageOfWebsite" time="9.017" classname="tests.ChangeLanguageOfWebsite"/>
  <system-out/>
</testsuite> <!-- tests.ChangeLanguageOfWebsite -->
